<?xml version="1.0" encoding="UTF-8"?>
<!-- Generated by org.testng.reporters.JUnitReportReporter -->
<testsuite skipped="0" hostname="IVMLAP268-COM" name="hdfcSec1.hdfcSec1.StaticTestNGAnnotation" tests="1" failures="0" timestamp="2022-05-23T17:37:18 IST" time="0.006" errors="0">
  <testcase name="getData" time="0.006" classname="hdfcSec1.hdfcSec1.StaticTestNGAnnotation"/>
  <system-out/>
</testsuite> <!-- hdfcSec1.hdfcSec1.StaticTestNGAnnotation -->
