<?xml version="1.0" encoding="UTF-8"?>
<!-- Generated by org.testng.reporters.JUnitReportReporter -->
<testsuite hostname="IVMLAP268-COM" failures="0" tests="3" name="package1.DynamicJson" time="6.824" errors="0" timestamp="27 Jul 2022 06:45:25 GMT" skipped="0">
  <testcase classname="package1.DynamicJson" name="addBook" time="0.625"/>
  <testcase classname="package1.DynamicJson" name="addBook" time="5.398"/>
  <testcase classname="package1.DynamicJson" name="addBook" time="0.801"/>
</testsuite> <!-- package1.DynamicJson -->
