<?xml version="1.0" encoding="UTF-8"?>
<!-- Generated by org.testng.reporters.JUnitReportReporter -->
<testsuite hostname="IVMLAP268-COM" failures="0" tests="1" name="package1.FirstAPI" time="3.657" errors="0" timestamp="13 Jul 2022 07:02:50 GMT" skipped="0">
  <testcase classname="package1.FirstAPI" name="Test1" time="3.657"/>
</testsuite> <!-- package1.FirstAPI -->
