<?xml version="1.0" encoding="UTF-8"?>
<!-- Generated by org.testng.reporters.JUnitReportReporter -->
<testsuite skipped="0" hostname="IVMLAP268-COM" name="TestNG.TestingforTEstNG" tests="2" failures="0" timestamp="2022-04-29T13:39:58 IST" time="0.011" errors="0">
  <testcase name="getText2" time="0.001" classname="TestNG.TestingforTEstNG"/>
  <system-out/>
  <testcase name="getText1" time="0.010" classname="TestNG.TestingforTEstNG"/>
  <system-out/>
</testsuite> <!-- TestNG.TestingforTEstNG -->
