<?xml version="1.0" encoding="UTF-8"?>
<!-- Generated by org.testng.reporters.JUnitReportReporter -->
<testsuite hostname="IVMLAP268-COM" failures="0" tests="1" name="E2E.E2E.CutomerDetails" time="4.283" errors="0" timestamp="12 Aug 2022 04:48:58 GMT" skipped="0">
  <testcase classname="E2E.E2E.CutomerDetails" name="getCustomerDetails" time="4.283"/>
</testsuite> <!-- E2E.E2E.CutomerDetails -->
