<?xml version="1.0" encoding="UTF-8"?>
<!-- Generated by org.testng.reporters.JUnitReportReporter -->
<testsuite hostname="IVMLAP268-COM" failures="0" tests="2" name="E2E.E2E.LoginPage" time="32.905" errors="0" timestamp="12 Aug 2022 04:48:58 GMT" skipped="0">
  <testcase classname="E2E.E2E.LoginPage" name="test1" time="25.318"/>
  <testcase classname="E2E.E2E.LoginPage" name="test2" time="7.587"/>
</testsuite> <!-- E2E.E2E.LoginPage -->
