<?xml version="1.0" encoding="UTF-8"?>
<!-- Generated by org.testng.reporters.JUnitReportReporter -->
<testsuite skipped="0" hostname="IVMLAP268-COM" name="API_Testing.API_Testing.LoginPage" tests="2" failures="0" timestamp="2022-05-05T17:58:03 IST" time="96.028" errors="0">
  <testcase name="Test1" time="60.736" classname="API_Testing.API_Testing.LoginPage"/>
  <system-out/>
  <testcase name="Test2" time="35.292" classname="API_Testing.API_Testing.LoginPage"/>
  <system-out/>
</testsuite> <!-- API_Testing.API_Testing.LoginPage -->
