<?xml version="1.0" encoding="UTF-8"?>
<!-- Generated by org.testng.reporters.JUnitReportReporter -->
<testsuite skipped="0" hostname="IVMLAP268-COM" name="API_Testing.API_Testing.CustomerDetailsPage" tests="1" failures="0" timestamp="2022-05-05T17:58:03 IST" time="24.025" errors="0">
  <testcase name="test4" time="24.025" classname="API_Testing.API_Testing.CustomerDetailsPage"/>
  <system-out/>
</testsuite> <!-- API_Testing.API_Testing.CustomerDetailsPage -->
